<?xml version="1.0" encoding="UTF-8"?>
<testsuites name="jest tests" tests="39" failures="0" errors="0" time="46.44">
  <testsuite name="undefined" errors="0" failures="0" skipped="0" timestamp="2022-09-12T13:07:07" time="16.914" tests="7">
    <testcase classname=" api must be APIClient" name=" api must be APIClient" time="0.031">
    </testcase>
    <testcase classname=" check request works" name=" check request works" time="0.66">
    </testcase>
    <testcase classname=" check if params preparer works" name=" check if params preparer works" time="0.001">
    </testcase>
    <testcase classname=" check if catch of req works" name=" check if catch of req works" time="1.031">
    </testcase>
    <testcase classname=" check if completeResponse works" name=" check if completeResponse works" time="0.046">
    </testcase>
    <testcase classname=" check if GITHUB RELEASE DOWNLOAD works" name=" check if GITHUB RELEASE DOWNLOAD works" time="1.018">
    </testcase>
    <testcase classname=" check if GITHUB RELEASE DOWNLOAD ERROR works" name=" check if GITHUB RELEASE DOWNLOAD ERROR works" time="0.177">
    </testcase>
  </testsuite>
  <testsuite name="undefined" errors="0" failures="0" skipped="0" timestamp="2022-09-12T13:07:25" time="8.839" tests="5">
    <testcase classname=" check if getAllCategories works" name=" check if getAllCategories works" time="1.37">
    </testcase>
    <testcase classname=" check if getCategoryByID works" name=" check if getCategoryByID works" time="0.606">
    </testcase>
    <testcase classname=" not be null" name=" not be null" time="0.617">
    </testcase>
    <testcase classname=" testing getResources" name=" testing getResources" time="4.581">
    </testcase>
    <testcase classname=" check if invalid category return null" name=" check if invalid category return null" time="0.494">
    </testcase>
  </testsuite>
  <testsuite name="undefined" errors="0" failures="0" skipped="0" timestamp="2022-09-12T13:07:07" time="26.716" tests="8">
    <testcase classname=" check if get author" name=" check if get author" time="0.59">
    </testcase>
    <testcase classname=" check if get authors" name=" check if get authors" time="0.496">
    </testcase>
    <testcase classname=" check if can get author resources" name=" check if can get author resources" time="1.714">
    </testcase>
    <testcase classname=" check if works review class constructor" name=" check if works review class constructor" time="0">
    </testcase>
    <testcase classname=" check if works review message getter" name=" check if works review message getter" time="0.001">
    </testcase>
    <testcase classname=" check if can get author reviews" name=" check if can get author reviews" time="9.361">
    </testcase>
    <testcase classname=" check if invalid author returns null" name=" check if invalid author returns null" time="0.276">
    </testcase>
    <testcase classname=" Check APIERROR constructor" name=" Check APIERROR constructor" time="0">
    </testcase>
  </testsuite>
  <testsuite name="Search testing" errors="0" failures="0" skipped="0" timestamp="2022-09-12T13:07:34" time="3.434" tests="1">
    <testcase classname="Search testing  testing if authors search works" name="Search testing  testing if authors search works" time="2.365">
    </testcase>
  </testsuite>
  <testsuite name="check if Resource Methods works" errors="0" failures="0" skipped="0" timestamp="2022-09-12T13:07:07" time="42.278" tests="15">
    <testcase classname="check if Resource Methods works check if resource is not null" name="check if Resource Methods works check if resource is not null" time="2.18">
    </testcase>
    <testcase classname="check if Resource Methods works check if GetDownloadURL Works" name="check if Resource Methods works check if GetDownloadURL Works" time="3.953">
    </testcase>
    <testcase classname="check if Resource Methods works check if resource reviews" name="check if Resource Methods works check if resource reviews" time="6.092">
    </testcase>
    <testcase classname="check if Resource Methods works check if resource updates" name="check if Resource Methods works check if resource updates" time="0.783">
    </testcase>
    <testcase classname="check if Resource Methods works check if resource update" name="check if Resource Methods works check if resource update" time="0.633">
    </testcase>
    <testcase classname="check if Resource Methods works check if resource invalid update returns null" name="check if Resource Methods works check if resource invalid update returns null" time="0.659">
    </testcase>
    <testcase classname="check if Resource Methods works check if resource versions" name="check if Resource Methods works check if resource versions" time="0.577">
    </testcase>
    <testcase classname="check if Resource Methods works check if resource version" name="check if Resource Methods works check if resource version" time="0.963">
    </testcase>
    <testcase classname="check if Resource Methods works check if resource description and links" name="check if Resource Methods works check if resource description and links" time="0.148">
    </testcase>
    <testcase classname="check if Resource Methods works check if getDownloadURL ResourceVersion works" name="check if Resource Methods works check if getDownloadURL ResourceVersion works" time="0.279">
    </testcase>
    <testcase classname=" check if getResources works" name=" check if getResources works" time="2.67">
    </testcase>
    <testcase classname=" check if getResources for version works" name=" check if getResources for version works" time="4.17">
    </testcase>
    <testcase classname=" check if message Review works" name=" check if message Review works" time="0.001">
    </testcase>
    <testcase classname=" check if dscription update works" name=" check if dscription update works" time="0.001">
    </testcase>
    <testcase classname=" check if Gets DOWNLOAD URL OF GITHUB RESOURCE works" name=" check if Gets DOWNLOAD URL OF GITHUB RESOURCE works" time="4.948">
    </testcase>
  </testsuite>
  <testsuite name="undefined" errors="0" failures="0" skipped="0" timestamp="2022-09-12T13:07:34" time="16.377" tests="3">
    <testcase classname=" check if Get Resources New works" name=" check if Get Resources New works" time="9.721">
    </testcase>
    <testcase classname=" check if Get Resources Free works" name=" check if Get Resources Free works" time="2.5">
    </testcase>
    <testcase classname=" check if Get Resources Premium works" name=" check if Get Resources Premium works" time="3.113">
    </testcase>
  </testsuite>
</testsuites>