<?xml version="1.0" encoding="UTF-8"?>
<testsuites name="jest tests" tests="40" failures="0" errors="0" time="23.185">
  <testsuite name="undefined" errors="0" failures="0" skipped="0" timestamp="2022-09-12T13:36:02" time="13.978" tests="8">
    <testcase classname=" check if get author" name=" check if get author" time="0.167">
    </testcase>
    <testcase classname=" check if get authors" name=" check if get authors" time="0.054">
    </testcase>
    <testcase classname=" check if can get author resources" name=" check if can get author resources" time="0.204">
    </testcase>
    <testcase classname=" check if works review class constructor" name=" check if works review class constructor" time="0">
    </testcase>
    <testcase classname=" check if works review message getter" name=" check if works review message getter" time="0">
    </testcase>
    <testcase classname=" check if can get author reviews" name=" check if can get author reviews" time="1.441">
    </testcase>
    <testcase classname=" check if invalid author returns null" name=" check if invalid author returns null" time="0.07">
    </testcase>
    <testcase classname=" Check APIERROR constructor" name=" Check APIERROR constructor" time="0">
    </testcase>
  </testsuite>
  <testsuite name="undefined" errors="0" failures="0" skipped="0" timestamp="2022-09-12T13:36:16" time="3.041" tests="7">
    <testcase classname=" api must be APIClient" name=" api must be APIClient" time="0.003">
    </testcase>
    <testcase classname=" check request works" name=" check request works" time="0.078">
    </testcase>
    <testcase classname=" check if params preparer works" name=" check if params preparer works" time="0.002">
    </testcase>
    <testcase classname=" check if catch of req works" name=" check if catch of req works" time="1.016">
    </testcase>
    <testcase classname=" check if completeResponse works" name=" check if completeResponse works" time="0.043">
    </testcase>
    <testcase classname=" check if GITHUB RELEASE DOWNLOAD works" name=" check if GITHUB RELEASE DOWNLOAD works" time="0.923">
    </testcase>
    <testcase classname=" check if GITHUB RELEASE DOWNLOAD ERROR works" name=" check if GITHUB RELEASE DOWNLOAD ERROR works" time="0.354">
    </testcase>
  </testsuite>
  <testsuite name="check if Resource Methods works" errors="0" failures="0" skipped="0" timestamp="2022-09-12T13:36:02" time="19.687" tests="15">
    <testcase classname="check if Resource Methods works check if resource is not null" name="check if Resource Methods works check if resource is not null" time="0.249">
    </testcase>
    <testcase classname="check if Resource Methods works check if GetDownloadURL Works" name="check if Resource Methods works check if GetDownloadURL Works" time="1.574">
    </testcase>
    <testcase classname="check if Resource Methods works check if resource reviews" name="check if Resource Methods works check if resource reviews" time="0.72">
    </testcase>
    <testcase classname="check if Resource Methods works check if resource updates" name="check if Resource Methods works check if resource updates" time="0.213">
    </testcase>
    <testcase classname="check if Resource Methods works check if resource update" name="check if Resource Methods works check if resource update" time="0.179">
    </testcase>
    <testcase classname="check if Resource Methods works check if resource invalid update returns null" name="check if Resource Methods works check if resource invalid update returns null" time="0.173">
    </testcase>
    <testcase classname="check if Resource Methods works check if resource versions" name="check if Resource Methods works check if resource versions" time="0.171">
    </testcase>
    <testcase classname="check if Resource Methods works check if resource version" name="check if Resource Methods works check if resource version" time="0.201">
    </testcase>
    <testcase classname="check if Resource Methods works check if resource description and links" name="check if Resource Methods works check if resource description and links" time="0.157">
    </testcase>
    <testcase classname="check if Resource Methods works check if getDownloadURL ResourceVersion works" name="check if Resource Methods works check if getDownloadURL ResourceVersion works" time="0.29">
    </testcase>
    <testcase classname=" check if getResources works" name=" check if getResources works" time="0.41">
    </testcase>
    <testcase classname=" check if getResources for version works" name=" check if getResources for version works" time="0.352">
    </testcase>
    <testcase classname=" check if message Review works" name=" check if message Review works" time="0">
    </testcase>
    <testcase classname=" check if dscription update works" name=" check if dscription update works" time="0.001">
    </testcase>
    <testcase classname=" check if Gets DOWNLOAD URL OF GITHUB RESOURCE works" name=" check if Gets DOWNLOAD URL OF GITHUB RESOURCE works" time="2.801">
    </testcase>
  </testsuite>
  <testsuite name="undefined" errors="0" failures="0" skipped="0" timestamp="2022-09-12T13:36:19" time="2.546" tests="3">
    <testcase classname=" check if Get Resources New works" name=" check if Get Resources New works" time="0.433">
    </testcase>
    <testcase classname=" check if Get Resources Free works" name=" check if Get Resources Free works" time="0.748">
    </testcase>
    <testcase classname=" check if Get Resources Premium works" name=" check if Get Resources Premium works" time="0.412">
    </testcase>
  </testsuite>
  <testsuite name="Search testing" errors="0" failures="0" skipped="0" timestamp="2022-09-12T13:36:02" time="20.044" tests="2">
    <testcase classname="Search testing  testing if authors search works" name="Search testing  testing if authors search works" time="0.166">
    </testcase>
    <testcase classname="Search testing  testing if resource search works" name="Search testing  testing if resource search works" time="7.697">
    </testcase>
  </testsuite>
  <testsuite name="undefined" errors="0" failures="0" skipped="0" timestamp="2022-09-12T13:36:22" time="2.142" tests="5">
    <testcase classname=" check if getAllCategories works" name=" check if getAllCategories works" time="0.086">
    </testcase>
    <testcase classname=" check if getCategoryByID works" name=" check if getCategoryByID works" time="0.04">
    </testcase>
    <testcase classname=" not be null" name=" not be null" time="0.341">
    </testcase>
    <testcase classname=" testing getResources" name=" testing getResources" time="0.514">
    </testcase>
    <testcase classname=" check if invalid category return null" name=" check if invalid category return null" time="0.047">
    </testcase>
  </testsuite>
</testsuites>